<?xml version="1.0" encoding="UTF-8"?>
<!-- Generated by org.testng.reporters.JUnitReportReporter -->
<testsuite hostname="DESKTOP-H0GN5MM" failures="0" tests="3" name="demo.Testngpriority" time="0.019" errors="0" timestamp="28 Feb 2019 07:00:59 GMT" skipped="0">
  <testcase classname="demo.Testngpriority" name="test2" time="0.014"/>
  <testcase classname="demo.Testngpriority" name="test1" time="0.004"/>
  <testcase classname="demo.Testngpriority" name="test3" time="0.001"/>
</testsuite> <!-- demo.Testngpriority -->
