<?xml version="1.0" encoding="UTF-8"?>
<!-- Generated by org.testng.reporters.JUnitReportReporter -->
<testsuite hostname="DESKTOP-H0GN5MM" failures="0" tests="5" name="demo.Testngdependencies" time="0.026" errors="0" timestamp="28 Feb 2019 11:55:38 GMT" skipped="0">
  <testcase classname="demo.Testngdependencies" name="man" time="0.002"/>
  <testcase classname="demo.Testngdependencies" name="man5" time="0.002"/>
  <testcase classname="demo.Testngdependencies" name="testing1" time="0.002"/>
  <testcase classname="demo.Testngdependencies" name="man1" time="0.004"/>
  <testcase classname="demo.Testngdependencies" name="auto" time="0.016"/>
</testsuite> <!-- demo.Testngdependencies -->
