<?xml version="1.0" encoding="UTF-8"?>
<!-- Generated by org.testng.reporters.JUnitReportReporter -->
<testsuite hostname="DESKTOP-H0GN5MM" failures="0" tests="3" name="demo.TestNGIgnore" time="0.027" errors="0" timestamp="28 Feb 2019 12:13:05 GMT" skipped="2">
  <testcase classname="demo.TestNGIgnore" name="run2" time="0.027"/>
  <testcase classname="demo.TestNGIgnore" name="run">
    <skipped/>
  </testcase> <!-- run -->
  <testcase classname="demo.TestNGIgnore" name="run3">
    <skipped/>
  </testcase> <!-- run3 -->
</testsuite> <!-- demo.TestNGIgnore -->
