<?xml version="1.0" encoding="UTF-8"?>
<!-- Generated by org.testng.reporters.JUnitReportReporter -->
<testsuite hostname="DESKTOP-H0GN5MM" failures="0" tests="6" name="demo.TestngGroups" time="0.030" errors="0" timestamp="28 Feb 2019 09:50:23 GMT" skipped="0">
  <testcase classname="demo.TestngGroups" name="test3" time="0.004"/>
  <testcase classname="demo.TestngGroups" name="test1" time="0.004"/>
  <testcase classname="demo.TestngGroups" name="test2" time="0.003"/>
  <testcase classname="demo.TestngGroups" name="test5" time="0.003"/>
  <testcase classname="demo.TestngGroups" name="test" time="0.014"/>
  <testcase classname="demo.TestngGroups" name="test4" time="0.002"/>
</testsuite> <!-- demo.TestngGroups -->
