<?xml version="1.0" encoding="UTF-8"?>
<!-- Generated by org.testng.reporters.JUnitReportReporter -->
<testsuite hostname="DESKTOP-H0GN5MM" failures="0" tests="2" name="testsample.ExtentReportwithTestNG" time="0.044" errors="0" timestamp="15 Feb 2019 09:36:44 GMT" skipped="0">
  <testcase classname="testsample.ExtentReportwithTestNG" name="test2" time="0.008"/>
  <testcase classname="testsample.ExtentReportwithTestNG" name="test" time="0.036"/>
</testsuite> <!-- testsample.ExtentReportwithTestNG -->
