<?xml version="1.0" encoding="UTF-8"?>
<!-- Generated by org.testng.reporters.JUnitReportReporter -->
<testsuite hostname="DESKTOP-H0GN5MM" failures="0" tests="1" name="testsample.FacebookLoginTest_testng" time="9.636" errors="0" timestamp="22 Feb 2019 05:49:19 GMT" skipped="0">
  <testcase classname="testsample.FacebookLoginTest_testng" name="onProtest" time="9.636"/>
</testsuite> <!-- testsample.FacebookLoginTest_testng -->
