<?xml version="1.0" encoding="UTF-8"?>
<!-- Generated by org.testng.reporters.JUnitReportReporter -->
<testsuite hostname="DESKTOP-H0GN5MM" failures="0" tests="1" name="demo.Testngparam" time="0.015" errors="0" timestamp="28 Feb 2019 10:40:50 GMT" skipped="0">
  <testcase classname="demo.Testngparam" name="test" time="0.015"/>
</testsuite> <!-- demo.Testngparam -->
